2015-01-29 07:02:02 [127.0.0.1][-][-][error][yii\base\ErrorException:4] exception 'yii\base\ErrorException' with message 'syntax error, unexpected 's' (T_STRING), expecting function (T_FUNCTION)' in D:\aa\bealth\advanced\backend\controllers\GoodsController.php:26
Stack trace:
#0 [internal function]: yii\base\ErrorHandler->handleFatalError()
#1 {main}
2015-01-29 07:02:02 [127.0.0.1][-][-][info][application] $_GET = [
    'r' => 'goods/list'
]

$_COOKIE = [
    'Hm_lvt_2531171454aa43a1c0e4e7f3ec040fbf' => '1420803018,1420845965,1420961795'
    'Hm_lvt_aedee6983d4cfc62f509129360d6bb3d' => '1420858909,1420965688,1421020031'
    'ECS' => [
        'visit_times' => '1'
    ]
    'PHPSESSID' => 'vp5uf5kh2f2fbp199nlrhlft84'
    '_csrf' => 'c79729cd7f0f3d2d5e32535933b67c371664979d998d553d98f67d70b8569904s:32:\"s1TtpJRmfHY9gTeIMh6y4LeKBofc2_9h\";'
]

$_SERVER = [
    'MIBDIRS' => 'D:/wamp/jicheng/php/extras/mibs'
    'MYSQL_HOME' => '\\xampp\\mysql\\bin'
    'OPENSSL_CONF' => 'D:/wamp/jicheng/apache/bin/openssl.cnf'
    'PHP_PEAR_SYSCONF_DIR' => '\\xampp\\php'
    'PHPRC' => '\\xampp\\php'
    'TMP' => '\\xampp\\tmp'
    'HTTP_HOST' => 'www.aa.com'
    'HTTP_CONNECTION' => 'keep-alive'
    'HTTP_ACCEPT' => 'text/html,application/xhtml+xml,application/xml;q=0.9,image/webp,*/*;q=0.8'
    'HTTP_USER_AGENT' => 'Mozilla/5.0 (Windows NT 6.1; WOW64) AppleWebKit/537.36 (KHTML, like Gecko) Chrome/36.0.1985.143 Safari/537.36'
    'HTTP_REFERER' => 'http://www.aa.com/bealth/advanced/backend/web/index.php?r=index'
    'HTTP_ACCEPT_ENCODING' => 'gzip,deflate,sdch'
    'HTTP_ACCEPT_LANGUAGE' => 'zh-CN,zh;q=0.8'
    'HTTP_COOKIE' => 'Hm_lvt_2531171454aa43a1c0e4e7f3ec040fbf=1420803018,1420845965,1420961795; Hm_lvt_aedee6983d4cfc62f509129360d6bb3d=1420858909,1420965688,1421020031; ECS[visit_times]=1; PHPSESSID=vp5uf5kh2f2fbp199nlrhlft84; _csrf=c79729cd7f0f3d2d5e32535933b67c371664979d998d553d98f67d70b8569904s%3A32%3A%22s1TtpJRmfHY9gTeIMh6y4LeKBofc2_9h%22%3B'
    'PATH' => 'C:\\Program Files (x86)\\Common Files\\NetSarang;C:\\Program Files (x86)\\NVIDIA Corporation\\PhysX\\Common;D:\\wamp\\jicheng\\PHP\\;C:\\Windows\\system32;C:\\Windows;C:\\Windows\\System32\\Wbem;C:\\Windows\\System32\\WindowsPowerShell\\v1.0\\;C:\\Program Files (x86)\\ATI Technologies\\ATI.ACE\\Core-Static;D:\\web\\mysql\\bin;C:\\Program Files\\TortoiseSVN\\bin;C:\\Program Files\\Java\\jdk1.7.0_71\\bin;C:\\Program Files\\Java\\jdk1.7.0_71\\jre\\bin;C:\\Program Files\\TortoiseGit\\bin;C:\\ProgramData\\ComposerSetup\\bin;D:\\mysql\\mysql-5.7.4-m14-winx64\\bin;D:\\软件\\nodejs\\;C:\\Users\\Administrator\\AppData\\Roaming\\npm'
    'SystemRoot' => 'C:\\Windows'
    'COMSPEC' => 'C:\\Windows\\system32\\cmd.exe'
    'PATHEXT' => '.COM;.EXE;.BAT;.CMD;.VBS;.VBE;.JS;.JSE;.WSF;.WSH;.MSC'
    'WINDIR' => 'C:\\Windows'
    'SERVER_SIGNATURE' => '<address>Apache/2.4.7 (Win32) OpenSSL/1.0.1e PHP/5.5.9 Server at www.aa.com Port 80</address>
'
    'SERVER_SOFTWARE' => 'Apache/2.4.7 (Win32) OpenSSL/1.0.1e PHP/5.5.9'
    'SERVER_NAME' => 'www.aa.com'
    'SERVER_ADDR' => '127.0.0.1'
    'SERVER_PORT' => '80'
    'REMOTE_ADDR' => '127.0.0.1'
    'DOCUMENT_ROOT' => 'D:/aa'
    'REQUEST_SCHEME' => 'http'
    'CONTEXT_PREFIX' => ''
    'CONTEXT_DOCUMENT_ROOT' => 'D:/aa'
    'SERVER_ADMIN' => 'postmaster@localhost'
    'SCRIPT_FILENAME' => 'D:/aa/bealth/advanced/backend/web/index.php'
    'REMOTE_PORT' => '52436'
    'GATEWAY_INTERFACE' => 'CGI/1.1'
    'SERVER_PROTOCOL' => 'HTTP/1.1'
    'REQUEST_METHOD' => 'GET'
    'QUERY_STRING' => 'r=goods/list'
    'REQUEST_URI' => '/bealth/advanced/backend/web/index.php?r=goods/list'
    'SCRIPT_NAME' => '/bealth/advanced/backend/web/index.php'
    'PHP_SELF' => '/bealth/advanced/backend/web/index.php'
    'REQUEST_TIME_FLOAT' => 1422511322.065
    'REQUEST_TIME' => 1422511322
]
2015-01-29 07:02:03 [127.0.0.1][-][-][error][yii\base\ErrorException:4] exception 'yii\base\ErrorException' with message 'syntax error, unexpected 's' (T_STRING), expecting function (T_FUNCTION)' in D:\aa\bealth\advanced\backend\controllers\GoodsController.php:26
Stack trace:
#0 [internal function]: yii\base\ErrorHandler->handleFatalError()
#1 {main}
2015-01-29 07:02:03 [127.0.0.1][-][-][info][application] $_GET = [
    'r' => 'goods/addgoods'
]

$_COOKIE = [
    'Hm_lvt_2531171454aa43a1c0e4e7f3ec040fbf' => '1420803018,1420845965,1420961795'
    'Hm_lvt_aedee6983d4cfc62f509129360d6bb3d' => '1420858909,1420965688,1421020031'
    'ECS' => [
        'visit_times' => '1'
    ]
    'PHPSESSID' => 'vp5uf5kh2f2fbp199nlrhlft84'
    '_csrf' => 'c79729cd7f0f3d2d5e32535933b67c371664979d998d553d98f67d70b8569904s:32:\"s1TtpJRmfHY9gTeIMh6y4LeKBofc2_9h\";'
]

$_SERVER = [
    'MIBDIRS' => 'D:/wamp/jicheng/php/extras/mibs'
    'MYSQL_HOME' => '\\xampp\\mysql\\bin'
    'OPENSSL_CONF' => 'D:/wamp/jicheng/apache/bin/openssl.cnf'
    'PHP_PEAR_SYSCONF_DIR' => '\\xampp\\php'
    'PHPRC' => '\\xampp\\php'
    'TMP' => '\\xampp\\tmp'
    'HTTP_HOST' => 'www.aa.com'
    'HTTP_CONNECTION' => 'keep-alive'
    'HTTP_ACCEPT' => 'text/html,application/xhtml+xml,application/xml;q=0.9,image/webp,*/*;q=0.8'
    'HTTP_USER_AGENT' => 'Mozilla/5.0 (Windows NT 6.1; WOW64) AppleWebKit/537.36 (KHTML, like Gecko) Chrome/36.0.1985.143 Safari/537.36'
    'HTTP_REFERER' => 'http://www.aa.com/bealth/advanced/backend/web/index.php?r=index'
    'HTTP_ACCEPT_ENCODING' => 'gzip,deflate,sdch'
    'HTTP_ACCEPT_LANGUAGE' => 'zh-CN,zh;q=0.8'
    'HTTP_COOKIE' => 'Hm_lvt_2531171454aa43a1c0e4e7f3ec040fbf=1420803018,1420845965,1420961795; Hm_lvt_aedee6983d4cfc62f509129360d6bb3d=1420858909,1420965688,1421020031; ECS[visit_times]=1; PHPSESSID=vp5uf5kh2f2fbp199nlrhlft84; _csrf=c79729cd7f0f3d2d5e32535933b67c371664979d998d553d98f67d70b8569904s%3A32%3A%22s1TtpJRmfHY9gTeIMh6y4LeKBofc2_9h%22%3B'
    'PATH' => 'C:\\Program Files (x86)\\Common Files\\NetSarang;C:\\Program Files (x86)\\NVIDIA Corporation\\PhysX\\Common;D:\\wamp\\jicheng\\PHP\\;C:\\Windows\\system32;C:\\Windows;C:\\Windows\\System32\\Wbem;C:\\Windows\\System32\\WindowsPowerShell\\v1.0\\;C:\\Program Files (x86)\\ATI Technologies\\ATI.ACE\\Core-Static;D:\\web\\mysql\\bin;C:\\Program Files\\TortoiseSVN\\bin;C:\\Program Files\\Java\\jdk1.7.0_71\\bin;C:\\Program Files\\Java\\jdk1.7.0_71\\jre\\bin;C:\\Program Files\\TortoiseGit\\bin;C:\\ProgramData\\ComposerSetup\\bin;D:\\mysql\\mysql-5.7.4-m14-winx64\\bin;D:\\软件\\nodejs\\;C:\\Users\\Administrator\\AppData\\Roaming\\npm'
    'SystemRoot' => 'C:\\Windows'
    'COMSPEC' => 'C:\\Windows\\system32\\cmd.exe'
    'PATHEXT' => '.COM;.EXE;.BAT;.CMD;.VBS;.VBE;.JS;.JSE;.WSF;.WSH;.MSC'
    'WINDIR' => 'C:\\Windows'
    'SERVER_SIGNATURE' => '<address>Apache/2.4.7 (Win32) OpenSSL/1.0.1e PHP/5.5.9 Server at www.aa.com Port 80</address>
'
    'SERVER_SOFTWARE' => 'Apache/2.4.7 (Win32) OpenSSL/1.0.1e PHP/5.5.9'
    'SERVER_NAME' => 'www.aa.com'
    'SERVER_ADDR' => '127.0.0.1'
    'SERVER_PORT' => '80'
    'REMOTE_ADDR' => '127.0.0.1'
    'DOCUMENT_ROOT' => 'D:/aa'
    'REQUEST_SCHEME' => 'http'
    'CONTEXT_PREFIX' => ''
    'CONTEXT_DOCUMENT_ROOT' => 'D:/aa'
    'SERVER_ADMIN' => 'postmaster@localhost'
    'SCRIPT_FILENAME' => 'D:/aa/bealth/advanced/backend/web/index.php'
    'REMOTE_PORT' => '52437'
    'GATEWAY_INTERFACE' => 'CGI/1.1'
    'SERVER_PROTOCOL' => 'HTTP/1.1'
    'REQUEST_METHOD' => 'GET'
    'QUERY_STRING' => 'r=goods/addgoods'
    'REQUEST_URI' => '/bealth/advanced/backend/web/index.php?r=goods/addgoods'
    'SCRIPT_NAME' => '/bealth/advanced/backend/web/index.php'
    'PHP_SELF' => '/bealth/advanced/backend/web/index.php'
    'REQUEST_TIME_FLOAT' => 1422511323.049
    'REQUEST_TIME' => 1422511323
]
2015-01-29 07:02:04 [127.0.0.1][-][-][error][yii\base\ErrorException:4] exception 'yii\base\ErrorException' with message 'syntax error, unexpected 's' (T_STRING), expecting function (T_FUNCTION)' in D:\aa\bealth\advanced\backend\controllers\GoodsController.php:26
Stack trace:
#0 [internal function]: yii\base\ErrorHandler->handleFatalError()
#1 {main}
2015-01-29 07:02:04 [127.0.0.1][-][-][info][application] $_GET = [
    'r' => 'goods/list'
]

$_COOKIE = [
    'Hm_lvt_2531171454aa43a1c0e4e7f3ec040fbf' => '1420803018,1420845965,1420961795'
    'Hm_lvt_aedee6983d4cfc62f509129360d6bb3d' => '1420858909,1420965688,1421020031'
    'ECS' => [
        'visit_times' => '1'
    ]
    'PHPSESSID' => 'vp5uf5kh2f2fbp199nlrhlft84'
    '_csrf' => 'c79729cd7f0f3d2d5e32535933b67c371664979d998d553d98f67d70b8569904s:32:\"s1TtpJRmfHY9gTeIMh6y4LeKBofc2_9h\";'
]

$_SERVER = [
    'MIBDIRS' => 'D:/wamp/jicheng/php/extras/mibs'
    'MYSQL_HOME' => '\\xampp\\mysql\\bin'
    'OPENSSL_CONF' => 'D:/wamp/jicheng/apache/bin/openssl.cnf'
    'PHP_PEAR_SYSCONF_DIR' => '\\xampp\\php'
    'PHPRC' => '\\xampp\\php'
    'TMP' => '\\xampp\\tmp'
    'HTTP_HOST' => 'www.aa.com'
    'HTTP_CONNECTION' => 'keep-alive'
    'HTTP_ACCEPT' => 'text/html,application/xhtml+xml,application/xml;q=0.9,image/webp,*/*;q=0.8'
    'HTTP_USER_AGENT' => 'Mozilla/5.0 (Windows NT 6.1; WOW64) AppleWebKit/537.36 (KHTML, like Gecko) Chrome/36.0.1985.143 Safari/537.36'
    'HTTP_REFERER' => 'http://www.aa.com/bealth/advanced/backend/web/index.php?r=index'
    'HTTP_ACCEPT_ENCODING' => 'gzip,deflate,sdch'
    'HTTP_ACCEPT_LANGUAGE' => 'zh-CN,zh;q=0.8'
    'HTTP_COOKIE' => 'Hm_lvt_2531171454aa43a1c0e4e7f3ec040fbf=1420803018,1420845965,1420961795; Hm_lvt_aedee6983d4cfc62f509129360d6bb3d=1420858909,1420965688,1421020031; ECS[visit_times]=1; PHPSESSID=vp5uf5kh2f2fbp199nlrhlft84; _csrf=c79729cd7f0f3d2d5e32535933b67c371664979d998d553d98f67d70b8569904s%3A32%3A%22s1TtpJRmfHY9gTeIMh6y4LeKBofc2_9h%22%3B'
    'PATH' => 'C:\\Program Files (x86)\\Common Files\\NetSarang;C:\\Program Files (x86)\\NVIDIA Corporation\\PhysX\\Common;D:\\wamp\\jicheng\\PHP\\;C:\\Windows\\system32;C:\\Windows;C:\\Windows\\System32\\Wbem;C:\\Windows\\System32\\WindowsPowerShell\\v1.0\\;C:\\Program Files (x86)\\ATI Technologies\\ATI.ACE\\Core-Static;D:\\web\\mysql\\bin;C:\\Program Files\\TortoiseSVN\\bin;C:\\Program Files\\Java\\jdk1.7.0_71\\bin;C:\\Program Files\\Java\\jdk1.7.0_71\\jre\\bin;C:\\Program Files\\TortoiseGit\\bin;C:\\ProgramData\\ComposerSetup\\bin;D:\\mysql\\mysql-5.7.4-m14-winx64\\bin;D:\\软件\\nodejs\\;C:\\Users\\Administrator\\AppData\\Roaming\\npm'
    'SystemRoot' => 'C:\\Windows'
    'COMSPEC' => 'C:\\Windows\\system32\\cmd.exe'
    'PATHEXT' => '.COM;.EXE;.BAT;.CMD;.VBS;.VBE;.JS;.JSE;.WSF;.WSH;.MSC'
    'WINDIR' => 'C:\\Windows'
    'SERVER_SIGNATURE' => '<address>Apache/2.4.7 (Win32) OpenSSL/1.0.1e PHP/5.5.9 Server at www.aa.com Port 80</address>
'
    'SERVER_SOFTWARE' => 'Apache/2.4.7 (Win32) OpenSSL/1.0.1e PHP/5.5.9'
    'SERVER_NAME' => 'www.aa.com'
    'SERVER_ADDR' => '127.0.0.1'
    'SERVER_PORT' => '80'
    'REMOTE_ADDR' => '127.0.0.1'
    'DOCUMENT_ROOT' => 'D:/aa'
    'REQUEST_SCHEME' => 'http'
    'CONTEXT_PREFIX' => ''
    'CONTEXT_DOCUMENT_ROOT' => 'D:/aa'
    'SERVER_ADMIN' => 'postmaster@localhost'
    'SCRIPT_FILENAME' => 'D:/aa/bealth/advanced/backend/web/index.php'
    'REMOTE_PORT' => '52438'
    'GATEWAY_INTERFACE' => 'CGI/1.1'
    'SERVER_PROTOCOL' => 'HTTP/1.1'
    'REQUEST_METHOD' => 'GET'
    'QUERY_STRING' => 'r=goods/list'
    'REQUEST_URI' => '/bealth/advanced/backend/web/index.php?r=goods/list'
    'SCRIPT_NAME' => '/bealth/advanced/backend/web/index.php'
    'PHP_SELF' => '/bealth/advanced/backend/web/index.php'
    'REQUEST_TIME_FLOAT' => 1422511324.207
    'REQUEST_TIME' => 1422511324
]
2015-01-29 07:04:08 [127.0.0.1][-][-][error][yii\base\ErrorException:4] exception 'yii\base\ErrorException' with message 'syntax error, unexpected 's' (T_STRING), expecting function (T_FUNCTION)' in D:\aa\bealth\advanced\backend\controllers\GoodsController.php:26
Stack trace:
#0 [internal function]: yii\base\ErrorHandler->handleFatalError()
#1 {main}
2015-01-29 07:04:08 [127.0.0.1][-][-][info][application] $_GET = [
    'r' => 'goods/list'
]

$_COOKIE = [
    'Hm_lvt_2531171454aa43a1c0e4e7f3ec040fbf' => '1420803018,1420845965,1420961795'
    'Hm_lvt_aedee6983d4cfc62f509129360d6bb3d' => '1420858909,1420965688,1421020031'
    'ECS' => [
        'visit_times' => '1'
    ]
    'PHPSESSID' => 'vp5uf5kh2f2fbp199nlrhlft84'
    '_csrf' => 'c79729cd7f0f3d2d5e32535933b67c371664979d998d553d98f67d70b8569904s:32:\"s1TtpJRmfHY9gTeIMh6y4LeKBofc2_9h\";'
]

$_SERVER = [
    'MIBDIRS' => 'D:/wamp/jicheng/php/extras/mibs'
    'MYSQL_HOME' => '\\xampp\\mysql\\bin'
    'OPENSSL_CONF' => 'D:/wamp/jicheng/apache/bin/openssl.cnf'
    'PHP_PEAR_SYSCONF_DIR' => '\\xampp\\php'
    'PHPRC' => '\\xampp\\php'
    'TMP' => '\\xampp\\tmp'
    'HTTP_HOST' => 'www.aa.com'
    'HTTP_CONNECTION' => 'keep-alive'
    'HTTP_CACHE_CONTROL' => 'max-age=0'
    'HTTP_ACCEPT' => 'text/html,application/xhtml+xml,application/xml;q=0.9,image/webp,*/*;q=0.8'
    'HTTP_USER_AGENT' => 'Mozilla/5.0 (Windows NT 6.1; WOW64) AppleWebKit/537.36 (KHTML, like Gecko) Chrome/36.0.1985.143 Safari/537.36'
    'HTTP_REFERER' => 'http://www.aa.com/bealth/advanced/backend/web/index.php?r=index'
    'HTTP_ACCEPT_ENCODING' => 'gzip,deflate,sdch'
    'HTTP_ACCEPT_LANGUAGE' => 'zh-CN,zh;q=0.8'
    'HTTP_COOKIE' => 'Hm_lvt_2531171454aa43a1c0e4e7f3ec040fbf=1420803018,1420845965,1420961795; Hm_lvt_aedee6983d4cfc62f509129360d6bb3d=1420858909,1420965688,1421020031; ECS[visit_times]=1; PHPSESSID=vp5uf5kh2f2fbp199nlrhlft84; _csrf=c79729cd7f0f3d2d5e32535933b67c371664979d998d553d98f67d70b8569904s%3A32%3A%22s1TtpJRmfHY9gTeIMh6y4LeKBofc2_9h%22%3B'
    'PATH' => 'C:\\Program Files (x86)\\Common Files\\NetSarang;C:\\Program Files (x86)\\NVIDIA Corporation\\PhysX\\Common;D:\\wamp\\jicheng\\PHP\\;C:\\Windows\\system32;C:\\Windows;C:\\Windows\\System32\\Wbem;C:\\Windows\\System32\\WindowsPowerShell\\v1.0\\;C:\\Program Files (x86)\\ATI Technologies\\ATI.ACE\\Core-Static;D:\\web\\mysql\\bin;C:\\Program Files\\TortoiseSVN\\bin;C:\\Program Files\\Java\\jdk1.7.0_71\\bin;C:\\Program Files\\Java\\jdk1.7.0_71\\jre\\bin;C:\\Program Files\\TortoiseGit\\bin;C:\\ProgramData\\ComposerSetup\\bin;D:\\mysql\\mysql-5.7.4-m14-winx64\\bin;D:\\软件\\nodejs\\;C:\\Users\\Administrator\\AppData\\Roaming\\npm'
    'SystemRoot' => 'C:\\Windows'
    'COMSPEC' => 'C:\\Windows\\system32\\cmd.exe'
    'PATHEXT' => '.COM;.EXE;.BAT;.CMD;.VBS;.VBE;.JS;.JSE;.WSF;.WSH;.MSC'
    'WINDIR' => 'C:\\Windows'
    'SERVER_SIGNATURE' => '<address>Apache/2.4.7 (Win32) OpenSSL/1.0.1e PHP/5.5.9 Server at www.aa.com Port 80</address>
'
    'SERVER_SOFTWARE' => 'Apache/2.4.7 (Win32) OpenSSL/1.0.1e PHP/5.5.9'
    'SERVER_NAME' => 'www.aa.com'
    'SERVER_ADDR' => '127.0.0.1'
    'SERVER_PORT' => '80'
    'REMOTE_ADDR' => '127.0.0.1'
    'DOCUMENT_ROOT' => 'D:/aa'
    'REQUEST_SCHEME' => 'http'
    'CONTEXT_PREFIX' => ''
    'CONTEXT_DOCUMENT_ROOT' => 'D:/aa'
    'SERVER_ADMIN' => 'postmaster@localhost'
    'SCRIPT_FILENAME' => 'D:/aa/bealth/advanced/backend/web/index.php'
    'REMOTE_PORT' => '52749'
    'GATEWAY_INTERFACE' => 'CGI/1.1'
    'SERVER_PROTOCOL' => 'HTTP/1.1'
    'REQUEST_METHOD' => 'GET'
    'QUERY_STRING' => 'r=goods/list'
    'REQUEST_URI' => '/bealth/advanced/backend/web/index.php?r=goods/list'
    'SCRIPT_NAME' => '/bealth/advanced/backend/web/index.php'
    'PHP_SELF' => '/bealth/advanced/backend/web/index.php'
    'REQUEST_TIME_FLOAT' => 1422511448.539
    'REQUEST_TIME' => 1422511448
]
2015-01-29 07:04:22 [127.0.0.1][][-][error][yii\web\HttpException:404] exception 'yii\base\InvalidRouteException' with message 'Unable to resolve the request: goods/list' in D:\aa\bealth\advanced\vendor\yiisoft\yii2\base\Controller.php:122
Stack trace:
#0 D:\aa\bealth\advanced\vendor\yiisoft\yii2\base\Module.php(455): yii\base\Controller->runAction('list', Array)
#1 D:\aa\bealth\advanced\vendor\yiisoft\yii2\web\Application.php(83): yii\base\Module->runAction('goods/list', Array)
#2 D:\aa\bealth\advanced\vendor\yiisoft\yii2\base\Application.php(375): yii\web\Application->handleRequest(Object(yii\web\Request))
#3 D:\aa\bealth\advanced\backend\web\index.php(20): yii\base\Application->run()
#4 {main}

Next exception 'yii\web\NotFoundHttpException' with message 'Unable to resolve the request: goods/list' in D:\aa\bealth\advanced\vendor\yiisoft\yii2\web\Application.php:95
Stack trace:
#0 D:\aa\bealth\advanced\vendor\yiisoft\yii2\base\Application.php(375): yii\web\Application->handleRequest(Object(yii\web\Request))
#1 D:\aa\bealth\advanced\backend\web\index.php(20): yii\base\Application->run()
#2 {main}
2015-01-29 07:04:21 [127.0.0.1][][-][info][application] $_GET = [
    'r' => 'goods/list'
]

$_COOKIE = [
    'Hm_lvt_2531171454aa43a1c0e4e7f3ec040fbf' => '1420803018,1420845965,1420961795'
    'Hm_lvt_aedee6983d4cfc62f509129360d6bb3d' => '1420858909,1420965688,1421020031'
    'ECS' => [
        'visit_times' => '1'
    ]
    'PHPSESSID' => 'vp5uf5kh2f2fbp199nlrhlft84'
    '_csrf' => 'c79729cd7f0f3d2d5e32535933b67c371664979d998d553d98f67d70b8569904s:32:\"s1TtpJRmfHY9gTeIMh6y4LeKBofc2_9h\";'
]

$_SESSION = [
    '__flash' => []
    '__returnUrl' => '/bealth/advanced/backend/web/index.php'
]

$_SERVER = [
    'MIBDIRS' => 'D:/wamp/jicheng/php/extras/mibs'
    'MYSQL_HOME' => '\\xampp\\mysql\\bin'
    'OPENSSL_CONF' => 'D:/wamp/jicheng/apache/bin/openssl.cnf'
    'PHP_PEAR_SYSCONF_DIR' => '\\xampp\\php'
    'PHPRC' => '\\xampp\\php'
    'TMP' => '\\xampp\\tmp'
    'HTTP_HOST' => 'www.aa.com'
    'HTTP_CONNECTION' => 'keep-alive'
    'HTTP_CACHE_CONTROL' => 'max-age=0'
    'HTTP_ACCEPT' => 'text/html,application/xhtml+xml,application/xml;q=0.9,image/webp,*/*;q=0.8'
    'HTTP_USER_AGENT' => 'Mozilla/5.0 (Windows NT 6.1; WOW64) AppleWebKit/537.36 (KHTML, like Gecko) Chrome/36.0.1985.143 Safari/537.36'
    'HTTP_REFERER' => 'http://www.aa.com/bealth/advanced/backend/web/index.php?r=index'
    'HTTP_ACCEPT_ENCODING' => 'gzip,deflate,sdch'
    'HTTP_ACCEPT_LANGUAGE' => 'zh-CN,zh;q=0.8'
    'HTTP_COOKIE' => 'Hm_lvt_2531171454aa43a1c0e4e7f3ec040fbf=1420803018,1420845965,1420961795; Hm_lvt_aedee6983d4cfc62f509129360d6bb3d=1420858909,1420965688,1421020031; ECS[visit_times]=1; PHPSESSID=vp5uf5kh2f2fbp199nlrhlft84; _csrf=c79729cd7f0f3d2d5e32535933b67c371664979d998d553d98f67d70b8569904s%3A32%3A%22s1TtpJRmfHY9gTeIMh6y4LeKBofc2_9h%22%3B'
    'PATH' => 'C:\\Program Files (x86)\\Common Files\\NetSarang;C:\\Program Files (x86)\\NVIDIA Corporation\\PhysX\\Common;D:\\wamp\\jicheng\\PHP\\;C:\\Windows\\system32;C:\\Windows;C:\\Windows\\System32\\Wbem;C:\\Windows\\System32\\WindowsPowerShell\\v1.0\\;C:\\Program Files (x86)\\ATI Technologies\\ATI.ACE\\Core-Static;D:\\web\\mysql\\bin;C:\\Program Files\\TortoiseSVN\\bin;C:\\Program Files\\Java\\jdk1.7.0_71\\bin;C:\\Program Files\\Java\\jdk1.7.0_71\\jre\\bin;C:\\Program Files\\TortoiseGit\\bin;C:\\ProgramData\\ComposerSetup\\bin;D:\\mysql\\mysql-5.7.4-m14-winx64\\bin;D:\\软件\\nodejs\\;C:\\Users\\Administrator\\AppData\\Roaming\\npm'
    'SystemRoot' => 'C:\\Windows'
    'COMSPEC' => 'C:\\Windows\\system32\\cmd.exe'
    'PATHEXT' => '.COM;.EXE;.BAT;.CMD;.VBS;.VBE;.JS;.JSE;.WSF;.WSH;.MSC'
    'WINDIR' => 'C:\\Windows'
    'SERVER_SIGNATURE' => '<address>Apache/2.4.7 (Win32) OpenSSL/1.0.1e PHP/5.5.9 Server at www.aa.com Port 80</address>
'
    'SERVER_SOFTWARE' => 'Apache/2.4.7 (Win32) OpenSSL/1.0.1e PHP/5.5.9'
    'SERVER_NAME' => 'www.aa.com'
    'SERVER_ADDR' => '127.0.0.1'
    'SERVER_PORT' => '80'
    'REMOTE_ADDR' => '127.0.0.1'
    'DOCUMENT_ROOT' => 'D:/aa'
    'REQUEST_SCHEME' => 'http'
    'CONTEXT_PREFIX' => ''
    'CONTEXT_DOCUMENT_ROOT' => 'D:/aa'
    'SERVER_ADMIN' => 'postmaster@localhost'
    'SCRIPT_FILENAME' => 'D:/aa/bealth/advanced/backend/web/index.php'
    'REMOTE_PORT' => '52792'
    'GATEWAY_INTERFACE' => 'CGI/1.1'
    'SERVER_PROTOCOL' => 'HTTP/1.1'
    'REQUEST_METHOD' => 'GET'
    'QUERY_STRING' => 'r=goods/list'
    'REQUEST_URI' => '/bealth/advanced/backend/web/index.php?r=goods/list'
    'SCRIPT_NAME' => '/bealth/advanced/backend/web/index.php'
    'PHP_SELF' => '/bealth/advanced/backend/web/index.php'
    'REQUEST_TIME_FLOAT' => 1422511461.847
    'REQUEST_TIME' => 1422511461
]
2015-01-29 07:07:42 [127.0.0.1][][-][error][yii\web\HttpException:404] exception 'yii\base\InvalidRouteException' with message 'Unable to resolve the request "index、login".' in D:\aa\bealth\advanced\vendor\yiisoft\yii2\base\Module.php:461
Stack trace:
#0 D:\aa\bealth\advanced\vendor\yiisoft\yii2\web\Application.php(83): yii\base\Module->runAction('index???login', Array)
#1 D:\aa\bealth\advanced\vendor\yiisoft\yii2\base\Application.php(375): yii\web\Application->handleRequest(Object(yii\web\Request))
#2 D:\aa\bealth\advanced\backend\web\index.php(20): yii\base\Application->run()
#3 {main}

Next exception 'yii\web\NotFoundHttpException' with message 'Unable to resolve the request "index、login".' in D:\aa\bealth\advanced\vendor\yiisoft\yii2\web\Application.php:95
Stack trace:
#0 D:\aa\bealth\advanced\vendor\yiisoft\yii2\base\Application.php(375): yii\web\Application->handleRequest(Object(yii\web\Request))
#1 D:\aa\bealth\advanced\backend\web\index.php(20): yii\base\Application->run()
#2 {main}
2015-01-29 07:07:42 [127.0.0.1][][-][info][application] $_GET = [
    'r' => 'index、login'
]

$_COOKIE = [
    'Hm_lvt_2531171454aa43a1c0e4e7f3ec040fbf' => '1420803018,1420845965,1420961795'
    'Hm_lvt_aedee6983d4cfc62f509129360d6bb3d' => '1420858909,1420965688,1421020031'
    'ECS' => [
        'visit_times' => '1'
    ]
    'PHPSESSID' => 'vp5uf5kh2f2fbp199nlrhlft84'
    '_csrf' => 'c79729cd7f0f3d2d5e32535933b67c371664979d998d553d98f67d70b8569904s:32:\"s1TtpJRmfHY9gTeIMh6y4LeKBofc2_9h\";'
]

$_SESSION = [
    '__flash' => []
    '__returnUrl' => '/bealth/advanced/backend/web/index.php'
]

$_SERVER = [
    'MIBDIRS' => 'D:/wamp/jicheng/php/extras/mibs'
    'MYSQL_HOME' => '\\xampp\\mysql\\bin'
    'OPENSSL_CONF' => 'D:/wamp/jicheng/apache/bin/openssl.cnf'
    'PHP_PEAR_SYSCONF_DIR' => '\\xampp\\php'
    'PHPRC' => '\\xampp\\php'
    'TMP' => '\\xampp\\tmp'
    'HTTP_HOST' => 'www.aa.com'
    'HTTP_CONNECTION' => 'keep-alive'
    'HTTP_ACCEPT' => 'text/html,application/xhtml+xml,application/xml;q=0.9,image/webp,*/*;q=0.8'
    'HTTP_USER_AGENT' => 'Mozilla/5.0 (Windows NT 6.1; WOW64) AppleWebKit/537.36 (KHTML, like Gecko) Chrome/36.0.1985.143 Safari/537.36'
    'HTTP_ACCEPT_ENCODING' => 'gzip,deflate,sdch'
    'HTTP_ACCEPT_LANGUAGE' => 'zh-CN,zh;q=0.8'
    'HTTP_COOKIE' => 'Hm_lvt_2531171454aa43a1c0e4e7f3ec040fbf=1420803018,1420845965,1420961795; Hm_lvt_aedee6983d4cfc62f509129360d6bb3d=1420858909,1420965688,1421020031; ECS[visit_times]=1; PHPSESSID=vp5uf5kh2f2fbp199nlrhlft84; _csrf=c79729cd7f0f3d2d5e32535933b67c371664979d998d553d98f67d70b8569904s%3A32%3A%22s1TtpJRmfHY9gTeIMh6y4LeKBofc2_9h%22%3B'
    'PATH' => 'C:\\Program Files (x86)\\Common Files\\NetSarang;C:\\Program Files (x86)\\NVIDIA Corporation\\PhysX\\Common;D:\\wamp\\jicheng\\PHP\\;C:\\Windows\\system32;C:\\Windows;C:\\Windows\\System32\\Wbem;C:\\Windows\\System32\\WindowsPowerShell\\v1.0\\;C:\\Program Files (x86)\\ATI Technologies\\ATI.ACE\\Core-Static;D:\\web\\mysql\\bin;C:\\Program Files\\TortoiseSVN\\bin;C:\\Program Files\\Java\\jdk1.7.0_71\\bin;C:\\Program Files\\Java\\jdk1.7.0_71\\jre\\bin;C:\\Program Files\\TortoiseGit\\bin;C:\\ProgramData\\ComposerSetup\\bin;D:\\mysql\\mysql-5.7.4-m14-winx64\\bin;D:\\软件\\nodejs\\;C:\\Users\\Administrator\\AppData\\Roaming\\npm'
    'SystemRoot' => 'C:\\Windows'
    'COMSPEC' => 'C:\\Windows\\system32\\cmd.exe'
    'PATHEXT' => '.COM;.EXE;.BAT;.CMD;.VBS;.VBE;.JS;.JSE;.WSF;.WSH;.MSC'
    'WINDIR' => 'C:\\Windows'
    'SERVER_SIGNATURE' => '<address>Apache/2.4.7 (Win32) OpenSSL/1.0.1e PHP/5.5.9 Server at www.aa.com Port 80</address>
'
    'SERVER_SOFTWARE' => 'Apache/2.4.7 (Win32) OpenSSL/1.0.1e PHP/5.5.9'
    'SERVER_NAME' => 'www.aa.com'
    'SERVER_ADDR' => '127.0.0.1'
    'SERVER_PORT' => '80'
    'REMOTE_ADDR' => '127.0.0.1'
    'DOCUMENT_ROOT' => 'D:/aa'
    'REQUEST_SCHEME' => 'http'
    'CONTEXT_PREFIX' => ''
    'CONTEXT_DOCUMENT_ROOT' => 'D:/aa'
    'SERVER_ADMIN' => 'postmaster@localhost'
    'SCRIPT_FILENAME' => 'D:/aa/bealth/advanced/backend/web/index.php'
    'REMOTE_PORT' => '53262'
    'GATEWAY_INTERFACE' => 'CGI/1.1'
    'SERVER_PROTOCOL' => 'HTTP/1.1'
    'REQUEST_METHOD' => 'GET'
    'QUERY_STRING' => 'r=index%E3%80%81login'
    'REQUEST_URI' => '/bealth/advanced/backend/web/index.php?r=index%E3%80%81login'
    'SCRIPT_NAME' => '/bealth/advanced/backend/web/index.php'
    'PHP_SELF' => '/bealth/advanced/backend/web/index.php'
    'REQUEST_TIME_FLOAT' => 1422511662.898
    'REQUEST_TIME' => 1422511662
]
<<<<<<< HEAD
2015-01-29 07:27:52 [127.0.0.1][][-][error][yii\web\HttpException:404] exception 'yii\base\InvalidRouteException' with message 'Unable to resolve the request "index、login".' in D:\aa\bealth\advanced\vendor\yiisoft\yii2\base\Module.php:461
Stack trace:
#0 D:\aa\bealth\advanced\vendor\yiisoft\yii2\web\Application.php(83): yii\base\Module->runAction('index???login', Array)
#1 D:\aa\bealth\advanced\vendor\yiisoft\yii2\base\Application.php(375): yii\web\Application->handleRequest(Object(yii\web\Request))
#2 D:\aa\bealth\advanced\backend\web\index.php(20): yii\base\Application->run()
#3 {main}

Next exception 'yii\web\NotFoundHttpException' with message 'Unable to resolve the request "index、login".' in D:\aa\bealth\advanced\vendor\yiisoft\yii2\web\Application.php:95
Stack trace:
#0 D:\aa\bealth\advanced\vendor\yiisoft\yii2\base\Application.php(375): yii\web\Application->handleRequest(Object(yii\web\Request))
#1 D:\aa\bealth\advanced\backend\web\index.php(20): yii\base\Application->run()
#2 {main}
2015-01-29 07:27:52 [127.0.0.1][][-][info][application] $_GET = [
    'r' => 'index、login'
]

$_COOKIE = [
    'Hm_lvt_2531171454aa43a1c0e4e7f3ec040fbf' => '1420803018,1420845965,1420961795'
    'Hm_lvt_aedee6983d4cfc62f509129360d6bb3d' => '1420858909,1420965688,1421020031'
    'ECS' => [
        'visit_times' => '1'
    ]
    'PHPSESSID' => 'vp5uf5kh2f2fbp199nlrhlft84'
    '_csrf' => 'c79729cd7f0f3d2d5e32535933b67c371664979d998d553d98f67d70b8569904s:32:\"s1TtpJRmfHY9gTeIMh6y4LeKBofc2_9h\";'
=======
2015-01-29 07:39:46 [127.0.0.1][][afscmc9ld28t7glqon3h143024][warning][yii\log\Dispatcher::dispatch] Unable to send log via yii\debug\LogTarget: PHP Notice 'yii\base\ErrorException' with message 'unserialize(): Error at offset 0 of 31357 bytes' 

in E:\duotai\advanced\vendor\yiisoft\yii2-debug\LogTarget.php:86

Stack trace:
#0 [internal function]: yii\base\ErrorHandler->handleError(8, 'unserialize(): ...', 'E:\duotai\advan...', 86, Array)
#1 E:\duotai\advanced\vendor\yiisoft\yii2-debug\LogTarget.php(86): unserialize('<<<<<<< HEAD?a:...')
#2 E:\duotai\advanced\vendor\yiisoft\yii2-debug\LogTarget.php(61): yii\debug\LogTarget->updateIndexFile('E:\duotai\advan...', Array)
#3 E:\duotai\advanced\vendor\yiisoft\yii2-debug\LogTarget.php(112): yii\debug\LogTarget->export(Array)
#4 E:\duotai\advanced\vendor\yiisoft\yii2\log\Dispatcher.php(183): yii\debug\LogTarget->collect(Array, true)
#5 E:\duotai\advanced\vendor\yiisoft\yii2\log\Logger.php(166): yii\log\Dispatcher->dispatch(Array, true)
#6 [internal function]: yii\log\Logger->flush(true)
#7 {main}
2015-01-29 07:39:46 [127.0.0.1][][afscmc9ld28t7glqon3h143024][info][application] $_COOKIE = [
    'PHPSESSID' => 'afscmc9ld28t7glqon3h143024'
    '_csrf' => '41ad762e420fdd72ccefb48c7d1bdfc0e1323dd6ce2928048f39c62efd5517b4s:32:\"JTO8eTACUQuO2is0g7QQPm6yO4VKdyu8\";'
]

$_SESSION = [
    '__flash' => []
    '__returnUrl' => '/backend/web/index.php'
]

$_SERVER = [
    'MIBDIRS' => 'E:/xampp/php/extras/mibs'
    'MYSQL_HOME' => '\\xampp\\mysql\\bin'
    'OPENSSL_CONF' => 'E:/xampp/apache/bin/openssl.cnf'
    'PHP_PEAR_SYSCONF_DIR' => '\\xampp\\php'
    'PHPRC' => '\\xampp\\php'
    'TMP' => '\\xampp\\tmp'
    'HTTP_HOST' => 'www.duotai.com'
    'HTTP_CONNECTION' => 'keep-alive'
    'HTTP_ACCEPT' => 'text/html,application/xhtml+xml,application/xml;q=0.9,image/webp,*/*;q=0.8'
    'HTTP_USER_AGENT' => 'Mozilla/5.0 (Windows NT 6.1) AppleWebKit/537.36 (KHTML, like Gecko) Chrome/41.0.2236.0 Safari/537.36'
    'HTTP_REFERER' => 'http://www.duotai.com/backend/web/'
    'HTTP_ACCEPT_ENCODING' => 'gzip, deflate, sdch'
    'HTTP_ACCEPT_LANGUAGE' => 'zh-CN,zh;q=0.8'
    'HTTP_COOKIE' => 'PHPSESSID=afscmc9ld28t7glqon3h143024; _csrf=41ad762e420fdd72ccefb48c7d1bdfc0e1323dd6ce2928048f39c62efd5517b4s%3A32%3A%22JTO8eTACUQuO2is0g7QQPm6yO4VKdyu8%22%3B'
    'PATH' => 'C:\\ProgramData\\Oracle\\Java\\javapath;C:\\Program Files\\AMD APP\\bin\\x86;C:\\Program Files\\Common Files\\NetSarang;C:\\Windows\\system32;C:\\Windows;C:\\Windows\\System32\\Wbem;C:\\Windows\\System32\\WindowsPowerShell\\v1.0\\;C:\\Program Files\\ATI Technologies\\ATI.ACE\\Core-Static;E:\\web\\TortoiseSVN\\bin;E:\\web\\TortoiseGit\\bin;E:\\xampp\\php;C:\\ProgramData\\ComposerSetup\\bin;E:\\web\\JDK\\bin;E:\\web\\NodeJs\\;'
    'SystemRoot' => 'C:\\Windows'
    'COMSPEC' => 'C:\\Windows\\system32\\cmd.exe'
    'PATHEXT' => '.COM;.EXE;.BAT;.CMD;.VBS;.VBE;.JS;.JSE;.WSF;.WSH;.MSC'
    'WINDIR' => 'C:\\Windows'
    'SERVER_SIGNATURE' => '<address>Apache/2.4.7 (Win32) OpenSSL/1.0.1e PHP/5.5.9 Server at www.duotai.com Port 80</address>
'
    'SERVER_SOFTWARE' => 'Apache/2.4.7 (Win32) OpenSSL/1.0.1e PHP/5.5.9'
    'SERVER_NAME' => 'www.duotai.com'
    'SERVER_ADDR' => '127.0.0.1'
    'SERVER_PORT' => '80'
    'REMOTE_ADDR' => '127.0.0.1'
    'DOCUMENT_ROOT' => 'E:/duotai/advanced'
    'REQUEST_SCHEME' => 'http'
    'CONTEXT_PREFIX' => ''
    'CONTEXT_DOCUMENT_ROOT' => 'E:/duotai/advanced'
    'SERVER_ADMIN' => 'postmaster@localhost'
    'SCRIPT_FILENAME' => 'E:/duotai/advanced/backend/web/index.php'
    'REMOTE_PORT' => '51661'
    'GATEWAY_INTERFACE' => 'CGI/1.1'
    'SERVER_PROTOCOL' => 'HTTP/1.1'
    'REQUEST_METHOD' => 'GET'
    'QUERY_STRING' => ''
    'REQUEST_URI' => '/backend/web/index.php'
    'SCRIPT_NAME' => '/backend/web/index.php'
    'PHP_SELF' => '/backend/web/index.php'
    'REQUEST_TIME_FLOAT' => 1422513586.079
    'REQUEST_TIME' => 1422513586
]
2015-01-29 07:39:46 [127.0.0.1][][afscmc9ld28t7glqon3h143024][warning][yii\log\Dispatcher::dispatch] Unable to send log via yii\debug\LogTarget: PHP Notice 'yii\base\ErrorException' with message 'unserialize(): Error at offset 0 of 31357 bytes' 

in E:\duotai\advanced\vendor\yiisoft\yii2-debug\LogTarget.php:86

Stack trace:
#0 [internal function]: yii\base\ErrorHandler->handleError(8, 'unserialize(): ...', 'E:\duotai\advan...', 86, Array)
#1 E:\duotai\advanced\vendor\yiisoft\yii2-debug\LogTarget.php(86): unserialize('<<<<<<< HEAD?a:...')
#2 E:\duotai\advanced\vendor\yiisoft\yii2-debug\LogTarget.php(61): yii\debug\LogTarget->updateIndexFile('E:\duotai\advan...', Array)
#3 E:\duotai\advanced\vendor\yiisoft\yii2-debug\LogTarget.php(112): yii\debug\LogTarget->export(Array)
#4 E:\duotai\advanced\vendor\yiisoft\yii2\log\Dispatcher.php(183): yii\debug\LogTarget->collect(Array, true)
#5 E:\duotai\advanced\vendor\yiisoft\yii2\log\Logger.php(166): yii\log\Dispatcher->dispatch(Array, true)
#6 [internal function]: yii\log\Logger->flush(true)
#7 {main}
2015-01-29 07:39:46 [127.0.0.1][][afscmc9ld28t7glqon3h143024][info][application] $_GET = [
    'r' => 'site/login'
]

$_COOKIE = [
    '_csrf' => '41ad762e420fdd72ccefb48c7d1bdfc0e1323dd6ce2928048f39c62efd5517b4s:32:\"JTO8eTACUQuO2is0g7QQPm6yO4VKdyu8\";'
    'PHPSESSID' => 'afscmc9ld28t7glqon3h143024'
>>>>>>> 9812e740d1d9aeca98403a5263515577fa85486b
]

$_SESSION = [
    '__flash' => []
<<<<<<< HEAD
    '__returnUrl' => '/bealth/advanced/backend/web/index.php'
]

$_SERVER = [
    'MIBDIRS' => 'D:/wamp/jicheng/php/extras/mibs'
    'MYSQL_HOME' => '\\xampp\\mysql\\bin'
    'OPENSSL_CONF' => 'D:/wamp/jicheng/apache/bin/openssl.cnf'
    'PHP_PEAR_SYSCONF_DIR' => '\\xampp\\php'
    'PHPRC' => '\\xampp\\php'
    'TMP' => '\\xampp\\tmp'
    'HTTP_HOST' => 'www.aa.com'
    'HTTP_CONNECTION' => 'keep-alive'
    'HTTP_ACCEPT' => 'text/html,application/xhtml+xml,application/xml;q=0.9,image/webp,*/*;q=0.8'
    'HTTP_USER_AGENT' => 'Mozilla/5.0 (Windows NT 6.1; WOW64) AppleWebKit/537.36 (KHTML, like Gecko) Chrome/36.0.1985.143 Safari/537.36'
    'HTTP_ACCEPT_ENCODING' => 'gzip,deflate,sdch'
    'HTTP_ACCEPT_LANGUAGE' => 'zh-CN,zh;q=0.8'
    'HTTP_COOKIE' => 'Hm_lvt_2531171454aa43a1c0e4e7f3ec040fbf=1420803018,1420845965,1420961795; Hm_lvt_aedee6983d4cfc62f509129360d6bb3d=1420858909,1420965688,1421020031; ECS[visit_times]=1; PHPSESSID=vp5uf5kh2f2fbp199nlrhlft84; _csrf=c79729cd7f0f3d2d5e32535933b67c371664979d998d553d98f67d70b8569904s%3A32%3A%22s1TtpJRmfHY9gTeIMh6y4LeKBofc2_9h%22%3B'
    'PATH' => 'C:\\Program Files (x86)\\Common Files\\NetSarang;C:\\Program Files (x86)\\NVIDIA Corporation\\PhysX\\Common;D:\\wamp\\jicheng\\PHP\\;C:\\Windows\\system32;C:\\Windows;C:\\Windows\\System32\\Wbem;C:\\Windows\\System32\\WindowsPowerShell\\v1.0\\;C:\\Program Files (x86)\\ATI Technologies\\ATI.ACE\\Core-Static;D:\\web\\mysql\\bin;C:\\Program Files\\TortoiseSVN\\bin;C:\\Program Files\\Java\\jdk1.7.0_71\\bin;C:\\Program Files\\Java\\jdk1.7.0_71\\jre\\bin;C:\\Program Files\\TortoiseGit\\bin;C:\\ProgramData\\ComposerSetup\\bin;D:\\mysql\\mysql-5.7.4-m14-winx64\\bin;D:\\软件\\nodejs\\;C:\\Users\\Administrator\\AppData\\Roaming\\npm'
=======
    '__returnUrl' => '/backend/web/index.php'
]

$_SERVER = [
    'MIBDIRS' => 'E:/xampp/php/extras/mibs'
    'MYSQL_HOME' => '\\xampp\\mysql\\bin'
    'OPENSSL_CONF' => 'E:/xampp/apache/bin/openssl.cnf'
    'PHP_PEAR_SYSCONF_DIR' => '\\xampp\\php'
    'PHPRC' => '\\xampp\\php'
    'TMP' => '\\xampp\\tmp'
    'HTTP_HOST' => 'www.duotai.com'
    'HTTP_CONNECTION' => 'keep-alive'
    'HTTP_ACCEPT' => 'text/html,application/xhtml+xml,application/xml;q=0.9,image/webp,*/*;q=0.8'
    'HTTP_USER_AGENT' => 'Mozilla/5.0 (Windows NT 6.1) AppleWebKit/537.36 (KHTML, like Gecko) Chrome/41.0.2236.0 Safari/537.36'
    'HTTP_REFERER' => 'http://www.duotai.com/backend/web/'
    'HTTP_ACCEPT_ENCODING' => 'gzip, deflate, sdch'
    'HTTP_ACCEPT_LANGUAGE' => 'zh-CN,zh;q=0.8'
    'HTTP_COOKIE' => '_csrf=41ad762e420fdd72ccefb48c7d1bdfc0e1323dd6ce2928048f39c62efd5517b4s%3A32%3A%22JTO8eTACUQuO2is0g7QQPm6yO4VKdyu8%22%3B; PHPSESSID=afscmc9ld28t7glqon3h143024'
    'PATH' => 'C:\\ProgramData\\Oracle\\Java\\javapath;C:\\Program Files\\AMD APP\\bin\\x86;C:\\Program Files\\Common Files\\NetSarang;C:\\Windows\\system32;C:\\Windows;C:\\Windows\\System32\\Wbem;C:\\Windows\\System32\\WindowsPowerShell\\v1.0\\;C:\\Program Files\\ATI Technologies\\ATI.ACE\\Core-Static;E:\\web\\TortoiseSVN\\bin;E:\\web\\TortoiseGit\\bin;E:\\xampp\\php;C:\\ProgramData\\ComposerSetup\\bin;E:\\web\\JDK\\bin;E:\\web\\NodeJs\\;'
>>>>>>> 9812e740d1d9aeca98403a5263515577fa85486b
    'SystemRoot' => 'C:\\Windows'
    'COMSPEC' => 'C:\\Windows\\system32\\cmd.exe'
    'PATHEXT' => '.COM;.EXE;.BAT;.CMD;.VBS;.VBE;.JS;.JSE;.WSF;.WSH;.MSC'
    'WINDIR' => 'C:\\Windows'
<<<<<<< HEAD
    'SERVER_SIGNATURE' => '<address>Apache/2.4.7 (Win32) OpenSSL/1.0.1e PHP/5.5.9 Server at www.aa.com Port 80</address>
'
    'SERVER_SOFTWARE' => 'Apache/2.4.7 (Win32) OpenSSL/1.0.1e PHP/5.5.9'
    'SERVER_NAME' => 'www.aa.com'
    'SERVER_ADDR' => '127.0.0.1'
    'SERVER_PORT' => '80'
    'REMOTE_ADDR' => '127.0.0.1'
    'DOCUMENT_ROOT' => 'D:/aa'
    'REQUEST_SCHEME' => 'http'
    'CONTEXT_PREFIX' => ''
    'CONTEXT_DOCUMENT_ROOT' => 'D:/aa'
    'SERVER_ADMIN' => 'postmaster@localhost'
    'SCRIPT_FILENAME' => 'D:/aa/bealth/advanced/backend/web/index.php'
    'REMOTE_PORT' => '56048'
    'GATEWAY_INTERFACE' => 'CGI/1.1'
    'SERVER_PROTOCOL' => 'HTTP/1.1'
    'REQUEST_METHOD' => 'GET'
    'QUERY_STRING' => 'r=index%E3%80%81login'
    'REQUEST_URI' => '/bealth/advanced/backend/web/index.php?r=index%E3%80%81login'
    'SCRIPT_NAME' => '/bealth/advanced/backend/web/index.php'
    'PHP_SELF' => '/bealth/advanced/backend/web/index.php'
    'REQUEST_TIME_FLOAT' => 1422512872.875
    'REQUEST_TIME' => 1422512872
]
2015-01-29 07:27:58 [127.0.0.1][][-][error][yii\web\HttpException:404] exception 'yii\base\InvalidRouteException' with message 'Unable to resolve the request "index、login".' in D:\aa\bealth\advanced\vendor\yiisoft\yii2\base\Module.php:461
Stack trace:
#0 D:\aa\bealth\advanced\vendor\yiisoft\yii2\web\Application.php(83): yii\base\Module->runAction('index???login', Array)
#1 D:\aa\bealth\advanced\vendor\yiisoft\yii2\base\Application.php(375): yii\web\Application->handleRequest(Object(yii\web\Request))
#2 D:\aa\bealth\advanced\backend\web\index.php(20): yii\base\Application->run()
#3 {main}

Next exception 'yii\web\NotFoundHttpException' with message 'Unable to resolve the request "index、login".' in D:\aa\bealth\advanced\vendor\yiisoft\yii2\web\Application.php:95
Stack trace:
#0 D:\aa\bealth\advanced\vendor\yiisoft\yii2\base\Application.php(375): yii\web\Application->handleRequest(Object(yii\web\Request))
#1 D:\aa\bealth\advanced\backend\web\index.php(20): yii\base\Application->run()
#2 {main}
2015-01-29 07:27:58 [127.0.0.1][][-][info][application] $_GET = [
    'r' => 'index、login'
]

$_COOKIE = [
    'Hm_lvt_2531171454aa43a1c0e4e7f3ec040fbf' => '1420803018,1420845965,1420961795'
    'Hm_lvt_aedee6983d4cfc62f509129360d6bb3d' => '1420858909,1420965688,1421020031'
    'ECS' => [
        'visit_times' => '1'
    ]
    'PHPSESSID' => 'vp5uf5kh2f2fbp199nlrhlft84'
    '_csrf' => 'c79729cd7f0f3d2d5e32535933b67c371664979d998d553d98f67d70b8569904s:32:\"s1TtpJRmfHY9gTeIMh6y4LeKBofc2_9h\";'
]

$_SESSION = [
    '__flash' => []
    '__returnUrl' => '/bealth/advanced/backend/web/index.php'
]

$_SERVER = [
    'MIBDIRS' => 'D:/wamp/jicheng/php/extras/mibs'
    'MYSQL_HOME' => '\\xampp\\mysql\\bin'
    'OPENSSL_CONF' => 'D:/wamp/jicheng/apache/bin/openssl.cnf'
    'PHP_PEAR_SYSCONF_DIR' => '\\xampp\\php'
    'PHPRC' => '\\xampp\\php'
    'TMP' => '\\xampp\\tmp'
    'HTTP_HOST' => 'www.aa.com'
    'HTTP_CONNECTION' => 'keep-alive'
    'HTTP_ACCEPT' => 'text/html,application/xhtml+xml,application/xml;q=0.9,image/webp,*/*;q=0.8'
    'HTTP_USER_AGENT' => 'Mozilla/5.0 (Windows NT 6.1; WOW64) AppleWebKit/537.36 (KHTML, like Gecko) Chrome/36.0.1985.143 Safari/537.36'
    'HTTP_ACCEPT_ENCODING' => 'gzip,deflate,sdch'
    'HTTP_ACCEPT_LANGUAGE' => 'zh-CN,zh;q=0.8'
    'HTTP_COOKIE' => 'Hm_lvt_2531171454aa43a1c0e4e7f3ec040fbf=1420803018,1420845965,1420961795; Hm_lvt_aedee6983d4cfc62f509129360d6bb3d=1420858909,1420965688,1421020031; ECS[visit_times]=1; PHPSESSID=vp5uf5kh2f2fbp199nlrhlft84; _csrf=c79729cd7f0f3d2d5e32535933b67c371664979d998d553d98f67d70b8569904s%3A32%3A%22s1TtpJRmfHY9gTeIMh6y4LeKBofc2_9h%22%3B'
    'PATH' => 'C:\\Program Files (x86)\\Common Files\\NetSarang;C:\\Program Files (x86)\\NVIDIA Corporation\\PhysX\\Common;D:\\wamp\\jicheng\\PHP\\;C:\\Windows\\system32;C:\\Windows;C:\\Windows\\System32\\Wbem;C:\\Windows\\System32\\WindowsPowerShell\\v1.0\\;C:\\Program Files (x86)\\ATI Technologies\\ATI.ACE\\Core-Static;D:\\web\\mysql\\bin;C:\\Program Files\\TortoiseSVN\\bin;C:\\Program Files\\Java\\jdk1.7.0_71\\bin;C:\\Program Files\\Java\\jdk1.7.0_71\\jre\\bin;C:\\Program Files\\TortoiseGit\\bin;C:\\ProgramData\\ComposerSetup\\bin;D:\\mysql\\mysql-5.7.4-m14-winx64\\bin;D:\\软件\\nodejs\\;C:\\Users\\Administrator\\AppData\\Roaming\\npm'
=======
    'SERVER_SIGNATURE' => '<address>Apache/2.4.7 (Win32) OpenSSL/1.0.1e PHP/5.5.9 Server at www.duotai.com Port 80</address>
'
    'SERVER_SOFTWARE' => 'Apache/2.4.7 (Win32) OpenSSL/1.0.1e PHP/5.5.9'
    'SERVER_NAME' => 'www.duotai.com'
    'SERVER_ADDR' => '127.0.0.1'
    'SERVER_PORT' => '80'
    'REMOTE_ADDR' => '127.0.0.1'
    'DOCUMENT_ROOT' => 'E:/duotai/advanced'
    'REQUEST_SCHEME' => 'http'
    'CONTEXT_PREFIX' => ''
    'CONTEXT_DOCUMENT_ROOT' => 'E:/duotai/advanced'
    'SERVER_ADMIN' => 'postmaster@localhost'
    'SCRIPT_FILENAME' => 'E:/duotai/advanced/backend/web/index.php'
    'REMOTE_PORT' => '51661'
    'GATEWAY_INTERFACE' => 'CGI/1.1'
    'SERVER_PROTOCOL' => 'HTTP/1.1'
    'REQUEST_METHOD' => 'GET'
    'QUERY_STRING' => 'r=site%2Flogin'
    'REQUEST_URI' => '/backend/web/index.php?r=site%2Flogin'
    'SCRIPT_NAME' => '/backend/web/index.php'
    'PHP_SELF' => '/backend/web/index.php'
    'REQUEST_TIME_FLOAT' => 1422513586.224
    'REQUEST_TIME' => 1422513586
]
2015-01-29 07:39:59 [127.0.0.1][-][-][warning][yii\log\Dispatcher::dispatch] Unable to send log via yii\debug\LogTarget: PHP Notice 'yii\base\ErrorException' with message 'unserialize(): Error at offset 0 of 31357 bytes' 

in E:\duotai\advanced\vendor\yiisoft\yii2-debug\LogTarget.php:86

Stack trace:
#0 [internal function]: yii\base\ErrorHandler->handleError(8, 'unserialize(): ...', 'E:\duotai\advan...', 86, Array)
#1 E:\duotai\advanced\vendor\yiisoft\yii2-debug\LogTarget.php(86): unserialize('<<<<<<< HEAD?a:...')
#2 E:\duotai\advanced\vendor\yiisoft\yii2-debug\LogTarget.php(61): yii\debug\LogTarget->updateIndexFile('E:\duotai\advan...', Array)
#3 E:\duotai\advanced\vendor\yiisoft\yii2-debug\LogTarget.php(112): yii\debug\LogTarget->export(Array)
#4 E:\duotai\advanced\vendor\yiisoft\yii2\log\Dispatcher.php(183): yii\debug\LogTarget->collect(Array, true)
#5 E:\duotai\advanced\vendor\yiisoft\yii2\log\Logger.php(166): yii\log\Dispatcher->dispatch(Array, true)
#6 [internal function]: yii\log\Logger->flush(true)
#7 {main}
2015-01-29 07:39:59 [127.0.0.1][-][-][info][application] $_GET = [
    'r' => 'index'
]

$_COOKIE = [
    'PHPSESSID' => 'afscmc9ld28t7glqon3h143024'
    '_csrf' => '6659c95e4918b4a949bc884ee5c243869dbe79e043f99cc9383d2b8862831ba8s:32:\"0tX737AZ5wlbkUMqIeYGTL6QZFAo3R2l\";'
]

$_SERVER = [
    'MIBDIRS' => 'E:/xampp/php/extras/mibs'
    'MYSQL_HOME' => '\\xampp\\mysql\\bin'
    'OPENSSL_CONF' => 'E:/xampp/apache/bin/openssl.cnf'
    'PHP_PEAR_SYSCONF_DIR' => '\\xampp\\php'
    'PHPRC' => '\\xampp\\php'
    'TMP' => '\\xampp\\tmp'
    'HTTP_HOST' => 'www.duotai.com'
    'HTTP_CONNECTION' => 'keep-alive'
    'HTTP_ACCEPT' => 'text/html,application/xhtml+xml,application/xml;q=0.9,image/webp,*/*;q=0.8'
    'HTTP_USER_AGENT' => 'Mozilla/5.0 (Windows NT 6.1) AppleWebKit/537.36 (KHTML, like Gecko) Chrome/41.0.2236.0 Safari/537.36'
    'HTTP_ACCEPT_ENCODING' => 'gzip, deflate, sdch'
    'HTTP_ACCEPT_LANGUAGE' => 'zh-CN,zh;q=0.8'
    'HTTP_COOKIE' => 'PHPSESSID=afscmc9ld28t7glqon3h143024; _csrf=6659c95e4918b4a949bc884ee5c243869dbe79e043f99cc9383d2b8862831ba8s%3A32%3A%220tX737AZ5wlbkUMqIeYGTL6QZFAo3R2l%22%3B'
    'PATH' => 'C:\\ProgramData\\Oracle\\Java\\javapath;C:\\Program Files\\AMD APP\\bin\\x86;C:\\Program Files\\Common Files\\NetSarang;C:\\Windows\\system32;C:\\Windows;C:\\Windows\\System32\\Wbem;C:\\Windows\\System32\\WindowsPowerShell\\v1.0\\;C:\\Program Files\\ATI Technologies\\ATI.ACE\\Core-Static;E:\\web\\TortoiseSVN\\bin;E:\\web\\TortoiseGit\\bin;E:\\xampp\\php;C:\\ProgramData\\ComposerSetup\\bin;E:\\web\\JDK\\bin;E:\\web\\NodeJs\\;'
    'SystemRoot' => 'C:\\Windows'
    'COMSPEC' => 'C:\\Windows\\system32\\cmd.exe'
    'PATHEXT' => '.COM;.EXE;.BAT;.CMD;.VBS;.VBE;.JS;.JSE;.WSF;.WSH;.MSC'
    'WINDIR' => 'C:\\Windows'
    'SERVER_SIGNATURE' => '<address>Apache/2.4.7 (Win32) OpenSSL/1.0.1e PHP/5.5.9 Server at www.duotai.com Port 80</address>
'
    'SERVER_SOFTWARE' => 'Apache/2.4.7 (Win32) OpenSSL/1.0.1e PHP/5.5.9'
    'SERVER_NAME' => 'www.duotai.com'
    'SERVER_ADDR' => '127.0.0.1'
    'SERVER_PORT' => '80'
    'REMOTE_ADDR' => '127.0.0.1'
    'DOCUMENT_ROOT' => 'E:/duotai/advanced'
    'REQUEST_SCHEME' => 'http'
    'CONTEXT_PREFIX' => ''
    'CONTEXT_DOCUMENT_ROOT' => 'E:/duotai/advanced'
    'SERVER_ADMIN' => 'postmaster@localhost'
    'SCRIPT_FILENAME' => 'E:/duotai/advanced/backend/web/index.php'
    'REMOTE_PORT' => '51676'
    'GATEWAY_INTERFACE' => 'CGI/1.1'
    'SERVER_PROTOCOL' => 'HTTP/1.1'
    'REQUEST_METHOD' => 'GET'
    'QUERY_STRING' => 'r=index'
    'REQUEST_URI' => '/backend/web/index.php?r=index'
    'SCRIPT_NAME' => '/backend/web/index.php'
    'PHP_SELF' => '/backend/web/index.php'
    'REQUEST_TIME_FLOAT' => 1422513599.006
    'REQUEST_TIME' => 1422513599
]
2015-01-29 07:40:04 [127.0.0.1][-][-][warning][yii\log\Dispatcher::dispatch] Unable to send log via yii\debug\LogTarget: PHP Notice 'yii\base\ErrorException' with message 'unserialize(): Error at offset 0 of 31357 bytes' 

in E:\duotai\advanced\vendor\yiisoft\yii2-debug\LogTarget.php:86

Stack trace:
#0 [internal function]: yii\base\ErrorHandler->handleError(8, 'unserialize(): ...', 'E:\duotai\advan...', 86, Array)
#1 E:\duotai\advanced\vendor\yiisoft\yii2-debug\LogTarget.php(86): unserialize('<<<<<<< HEAD?a:...')
#2 E:\duotai\advanced\vendor\yiisoft\yii2-debug\LogTarget.php(61): yii\debug\LogTarget->updateIndexFile('E:\duotai\advan...', Array)
#3 E:\duotai\advanced\vendor\yiisoft\yii2-debug\LogTarget.php(112): yii\debug\LogTarget->export(Array)
#4 E:\duotai\advanced\vendor\yiisoft\yii2\log\Dispatcher.php(183): yii\debug\LogTarget->collect(Array, true)
#5 E:\duotai\advanced\vendor\yiisoft\yii2\log\Logger.php(166): yii\log\Dispatcher->dispatch(Array, true)
#6 [internal function]: yii\log\Logger->flush(true)
#7 {main}
2015-01-29 07:40:04 [127.0.0.1][-][-][info][application] $_GET = [
    'r' => 'node/index'
]

$_COOKIE = [
    'PHPSESSID' => 'afscmc9ld28t7glqon3h143024'
    '_csrf' => '6659c95e4918b4a949bc884ee5c243869dbe79e043f99cc9383d2b8862831ba8s:32:\"0tX737AZ5wlbkUMqIeYGTL6QZFAo3R2l\";'
]

$_SERVER = [
    'MIBDIRS' => 'E:/xampp/php/extras/mibs'
    'MYSQL_HOME' => '\\xampp\\mysql\\bin'
    'OPENSSL_CONF' => 'E:/xampp/apache/bin/openssl.cnf'
    'PHP_PEAR_SYSCONF_DIR' => '\\xampp\\php'
    'PHPRC' => '\\xampp\\php'
    'TMP' => '\\xampp\\tmp'
    'HTTP_HOST' => 'www.duotai.com'
    'HTTP_CONNECTION' => 'keep-alive'
    'HTTP_ACCEPT' => 'text/html,application/xhtml+xml,application/xml;q=0.9,image/webp,*/*;q=0.8'
    'HTTP_USER_AGENT' => 'Mozilla/5.0 (Windows NT 6.1) AppleWebKit/537.36 (KHTML, like Gecko) Chrome/41.0.2236.0 Safari/537.36'
    'HTTP_REFERER' => 'http://www.duotai.com/backend/web/index.php?r=index'
    'HTTP_ACCEPT_ENCODING' => 'gzip, deflate, sdch'
    'HTTP_ACCEPT_LANGUAGE' => 'zh-CN,zh;q=0.8'
    'HTTP_COOKIE' => 'PHPSESSID=afscmc9ld28t7glqon3h143024; _csrf=6659c95e4918b4a949bc884ee5c243869dbe79e043f99cc9383d2b8862831ba8s%3A32%3A%220tX737AZ5wlbkUMqIeYGTL6QZFAo3R2l%22%3B'
    'PATH' => 'C:\\ProgramData\\Oracle\\Java\\javapath;C:\\Program Files\\AMD APP\\bin\\x86;C:\\Program Files\\Common Files\\NetSarang;C:\\Windows\\system32;C:\\Windows;C:\\Windows\\System32\\Wbem;C:\\Windows\\System32\\WindowsPowerShell\\v1.0\\;C:\\Program Files\\ATI Technologies\\ATI.ACE\\Core-Static;E:\\web\\TortoiseSVN\\bin;E:\\web\\TortoiseGit\\bin;E:\\xampp\\php;C:\\ProgramData\\ComposerSetup\\bin;E:\\web\\JDK\\bin;E:\\web\\NodeJs\\;'
    'SystemRoot' => 'C:\\Windows'
    'COMSPEC' => 'C:\\Windows\\system32\\cmd.exe'
    'PATHEXT' => '.COM;.EXE;.BAT;.CMD;.VBS;.VBE;.JS;.JSE;.WSF;.WSH;.MSC'
    'WINDIR' => 'C:\\Windows'
    'SERVER_SIGNATURE' => '<address>Apache/2.4.7 (Win32) OpenSSL/1.0.1e PHP/5.5.9 Server at www.duotai.com Port 80</address>
'
    'SERVER_SOFTWARE' => 'Apache/2.4.7 (Win32) OpenSSL/1.0.1e PHP/5.5.9'
    'SERVER_NAME' => 'www.duotai.com'
    'SERVER_ADDR' => '127.0.0.1'
    'SERVER_PORT' => '80'
    'REMOTE_ADDR' => '127.0.0.1'
    'DOCUMENT_ROOT' => 'E:/duotai/advanced'
    'REQUEST_SCHEME' => 'http'
    'CONTEXT_PREFIX' => ''
    'CONTEXT_DOCUMENT_ROOT' => 'E:/duotai/advanced'
    'SERVER_ADMIN' => 'postmaster@localhost'
    'SCRIPT_FILENAME' => 'E:/duotai/advanced/backend/web/index.php'
    'REMOTE_PORT' => '51680'
    'GATEWAY_INTERFACE' => 'CGI/1.1'
    'SERVER_PROTOCOL' => 'HTTP/1.1'
    'REQUEST_METHOD' => 'GET'
    'QUERY_STRING' => 'r=node/index'
    'REQUEST_URI' => '/backend/web/index.php?r=node/index'
    'SCRIPT_NAME' => '/backend/web/index.php'
    'PHP_SELF' => '/backend/web/index.php'
    'REQUEST_TIME_FLOAT' => 1422513604.439
    'REQUEST_TIME' => 1422513604
]
2015-01-29 07:40:05 [127.0.0.1][-][-][warning][yii\log\Dispatcher::dispatch] Unable to send log via yii\debug\LogTarget: PHP Notice 'yii\base\ErrorException' with message 'unserialize(): Error at offset 0 of 31357 bytes' 

in E:\duotai\advanced\vendor\yiisoft\yii2-debug\LogTarget.php:86

Stack trace:
#0 [internal function]: yii\base\ErrorHandler->handleError(8, 'unserialize(): ...', 'E:\duotai\advan...', 86, Array)
#1 E:\duotai\advanced\vendor\yiisoft\yii2-debug\LogTarget.php(86): unserialize('<<<<<<< HEAD?a:...')
#2 E:\duotai\advanced\vendor\yiisoft\yii2-debug\LogTarget.php(61): yii\debug\LogTarget->updateIndexFile('E:\duotai\advan...', Array)
#3 E:\duotai\advanced\vendor\yiisoft\yii2-debug\LogTarget.php(112): yii\debug\LogTarget->export(Array)
#4 E:\duotai\advanced\vendor\yiisoft\yii2\log\Dispatcher.php(183): yii\debug\LogTarget->collect(Array, true)
#5 E:\duotai\advanced\vendor\yiisoft\yii2\log\Logger.php(166): yii\log\Dispatcher->dispatch(Array, true)
#6 [internal function]: yii\log\Logger->flush(true)
#7 {main}
2015-01-29 07:40:05 [127.0.0.1][-][-][info][application] $_GET = [
    'r' => 'role/index'
]

$_COOKIE = [
    'PHPSESSID' => 'afscmc9ld28t7glqon3h143024'
    '_csrf' => '6659c95e4918b4a949bc884ee5c243869dbe79e043f99cc9383d2b8862831ba8s:32:\"0tX737AZ5wlbkUMqIeYGTL6QZFAo3R2l\";'
]

$_SERVER = [
    'MIBDIRS' => 'E:/xampp/php/extras/mibs'
    'MYSQL_HOME' => '\\xampp\\mysql\\bin'
    'OPENSSL_CONF' => 'E:/xampp/apache/bin/openssl.cnf'
    'PHP_PEAR_SYSCONF_DIR' => '\\xampp\\php'
    'PHPRC' => '\\xampp\\php'
    'TMP' => '\\xampp\\tmp'
    'HTTP_HOST' => 'www.duotai.com'
    'HTTP_CONNECTION' => 'keep-alive'
    'HTTP_ACCEPT' => 'text/html,application/xhtml+xml,application/xml;q=0.9,image/webp,*/*;q=0.8'
    'HTTP_USER_AGENT' => 'Mozilla/5.0 (Windows NT 6.1) AppleWebKit/537.36 (KHTML, like Gecko) Chrome/41.0.2236.0 Safari/537.36'
    'HTTP_REFERER' => 'http://www.duotai.com/backend/web/index.php?r=index'
    'HTTP_ACCEPT_ENCODING' => 'gzip, deflate, sdch'
    'HTTP_ACCEPT_LANGUAGE' => 'zh-CN,zh;q=0.8'
    'HTTP_COOKIE' => 'PHPSESSID=afscmc9ld28t7glqon3h143024; _csrf=6659c95e4918b4a949bc884ee5c243869dbe79e043f99cc9383d2b8862831ba8s%3A32%3A%220tX737AZ5wlbkUMqIeYGTL6QZFAo3R2l%22%3B'
    'PATH' => 'C:\\ProgramData\\Oracle\\Java\\javapath;C:\\Program Files\\AMD APP\\bin\\x86;C:\\Program Files\\Common Files\\NetSarang;C:\\Windows\\system32;C:\\Windows;C:\\Windows\\System32\\Wbem;C:\\Windows\\System32\\WindowsPowerShell\\v1.0\\;C:\\Program Files\\ATI Technologies\\ATI.ACE\\Core-Static;E:\\web\\TortoiseSVN\\bin;E:\\web\\TortoiseGit\\bin;E:\\xampp\\php;C:\\ProgramData\\ComposerSetup\\bin;E:\\web\\JDK\\bin;E:\\web\\NodeJs\\;'
    'SystemRoot' => 'C:\\Windows'
    'COMSPEC' => 'C:\\Windows\\system32\\cmd.exe'
    'PATHEXT' => '.COM;.EXE;.BAT;.CMD;.VBS;.VBE;.JS;.JSE;.WSF;.WSH;.MSC'
    'WINDIR' => 'C:\\Windows'
    'SERVER_SIGNATURE' => '<address>Apache/2.4.7 (Win32) OpenSSL/1.0.1e PHP/5.5.9 Server at www.duotai.com Port 80</address>
'
    'SERVER_SOFTWARE' => 'Apache/2.4.7 (Win32) OpenSSL/1.0.1e PHP/5.5.9'
    'SERVER_NAME' => 'www.duotai.com'
    'SERVER_ADDR' => '127.0.0.1'
    'SERVER_PORT' => '80'
    'REMOTE_ADDR' => '127.0.0.1'
    'DOCUMENT_ROOT' => 'E:/duotai/advanced'
    'REQUEST_SCHEME' => 'http'
    'CONTEXT_PREFIX' => ''
    'CONTEXT_DOCUMENT_ROOT' => 'E:/duotai/advanced'
    'SERVER_ADMIN' => 'postmaster@localhost'
    'SCRIPT_FILENAME' => 'E:/duotai/advanced/backend/web/index.php'
    'REMOTE_PORT' => '51680'
    'GATEWAY_INTERFACE' => 'CGI/1.1'
    'SERVER_PROTOCOL' => 'HTTP/1.1'
    'REQUEST_METHOD' => 'GET'
    'QUERY_STRING' => 'r=role/index'
    'REQUEST_URI' => '/backend/web/index.php?r=role/index'
    'SCRIPT_NAME' => '/backend/web/index.php'
    'PHP_SELF' => '/backend/web/index.php'
    'REQUEST_TIME_FLOAT' => 1422513605.061
    'REQUEST_TIME' => 1422513605
]
2015-01-29 07:40:06 [127.0.0.1][-][-][warning][yii\log\Dispatcher::dispatch] Unable to send log via yii\debug\LogTarget: PHP Notice 'yii\base\ErrorException' with message 'unserialize(): Error at offset 0 of 31357 bytes' 

in E:\duotai\advanced\vendor\yiisoft\yii2-debug\LogTarget.php:86

Stack trace:
#0 [internal function]: yii\base\ErrorHandler->handleError(8, 'unserialize(): ...', 'E:\duotai\advan...', 86, Array)
#1 E:\duotai\advanced\vendor\yiisoft\yii2-debug\LogTarget.php(86): unserialize('<<<<<<< HEAD?a:...')
#2 E:\duotai\advanced\vendor\yiisoft\yii2-debug\LogTarget.php(61): yii\debug\LogTarget->updateIndexFile('E:\duotai\advan...', Array)
#3 E:\duotai\advanced\vendor\yiisoft\yii2-debug\LogTarget.php(112): yii\debug\LogTarget->export(Array)
#4 E:\duotai\advanced\vendor\yiisoft\yii2\log\Dispatcher.php(183): yii\debug\LogTarget->collect(Array, true)
#5 E:\duotai\advanced\vendor\yiisoft\yii2\log\Logger.php(166): yii\log\Dispatcher->dispatch(Array, true)
#6 [internal function]: yii\log\Logger->flush(true)
#7 {main}
2015-01-29 07:40:06 [127.0.0.1][-][-][info][application] $_GET = [
    'r' => 'user/index'
]

$_COOKIE = [
    'PHPSESSID' => 'afscmc9ld28t7glqon3h143024'
    '_csrf' => '6659c95e4918b4a949bc884ee5c243869dbe79e043f99cc9383d2b8862831ba8s:32:\"0tX737AZ5wlbkUMqIeYGTL6QZFAo3R2l\";'
]

$_SERVER = [
    'MIBDIRS' => 'E:/xampp/php/extras/mibs'
    'MYSQL_HOME' => '\\xampp\\mysql\\bin'
    'OPENSSL_CONF' => 'E:/xampp/apache/bin/openssl.cnf'
    'PHP_PEAR_SYSCONF_DIR' => '\\xampp\\php'
    'PHPRC' => '\\xampp\\php'
    'TMP' => '\\xampp\\tmp'
    'HTTP_HOST' => 'www.duotai.com'
    'HTTP_CONNECTION' => 'keep-alive'
    'HTTP_ACCEPT' => 'text/html,application/xhtml+xml,application/xml;q=0.9,image/webp,*/*;q=0.8'
    'HTTP_USER_AGENT' => 'Mozilla/5.0 (Windows NT 6.1) AppleWebKit/537.36 (KHTML, like Gecko) Chrome/41.0.2236.0 Safari/537.36'
    'HTTP_REFERER' => 'http://www.duotai.com/backend/web/index.php?r=index'
    'HTTP_ACCEPT_ENCODING' => 'gzip, deflate, sdch'
    'HTTP_ACCEPT_LANGUAGE' => 'zh-CN,zh;q=0.8'
    'HTTP_COOKIE' => 'PHPSESSID=afscmc9ld28t7glqon3h143024; _csrf=6659c95e4918b4a949bc884ee5c243869dbe79e043f99cc9383d2b8862831ba8s%3A32%3A%220tX737AZ5wlbkUMqIeYGTL6QZFAo3R2l%22%3B'
    'PATH' => 'C:\\ProgramData\\Oracle\\Java\\javapath;C:\\Program Files\\AMD APP\\bin\\x86;C:\\Program Files\\Common Files\\NetSarang;C:\\Windows\\system32;C:\\Windows;C:\\Windows\\System32\\Wbem;C:\\Windows\\System32\\WindowsPowerShell\\v1.0\\;C:\\Program Files\\ATI Technologies\\ATI.ACE\\Core-Static;E:\\web\\TortoiseSVN\\bin;E:\\web\\TortoiseGit\\bin;E:\\xampp\\php;C:\\ProgramData\\ComposerSetup\\bin;E:\\web\\JDK\\bin;E:\\web\\NodeJs\\;'
    'SystemRoot' => 'C:\\Windows'
    'COMSPEC' => 'C:\\Windows\\system32\\cmd.exe'
    'PATHEXT' => '.COM;.EXE;.BAT;.CMD;.VBS;.VBE;.JS;.JSE;.WSF;.WSH;.MSC'
    'WINDIR' => 'C:\\Windows'
    'SERVER_SIGNATURE' => '<address>Apache/2.4.7 (Win32) OpenSSL/1.0.1e PHP/5.5.9 Server at www.duotai.com Port 80</address>
'
    'SERVER_SOFTWARE' => 'Apache/2.4.7 (Win32) OpenSSL/1.0.1e PHP/5.5.9'
    'SERVER_NAME' => 'www.duotai.com'
    'SERVER_ADDR' => '127.0.0.1'
    'SERVER_PORT' => '80'
    'REMOTE_ADDR' => '127.0.0.1'
    'DOCUMENT_ROOT' => 'E:/duotai/advanced'
    'REQUEST_SCHEME' => 'http'
    'CONTEXT_PREFIX' => ''
    'CONTEXT_DOCUMENT_ROOT' => 'E:/duotai/advanced'
    'SERVER_ADMIN' => 'postmaster@localhost'
    'SCRIPT_FILENAME' => 'E:/duotai/advanced/backend/web/index.php'
    'REMOTE_PORT' => '51680'
    'GATEWAY_INTERFACE' => 'CGI/1.1'
    'SERVER_PROTOCOL' => 'HTTP/1.1'
    'REQUEST_METHOD' => 'GET'
    'QUERY_STRING' => 'r=user/index'
    'REQUEST_URI' => '/backend/web/index.php?r=user/index'
    'SCRIPT_NAME' => '/backend/web/index.php'
    'PHP_SELF' => '/backend/web/index.php'
    'REQUEST_TIME_FLOAT' => 1422513606.232
    'REQUEST_TIME' => 1422513606
]
2015-01-29 07:40:07 [127.0.0.1][-][-][warning][yii\log\Dispatcher::dispatch] Unable to send log via yii\debug\LogTarget: PHP Notice 'yii\base\ErrorException' with message 'unserialize(): Error at offset 0 of 31357 bytes' 

in E:\duotai\advanced\vendor\yiisoft\yii2-debug\LogTarget.php:86

Stack trace:
#0 [internal function]: yii\base\ErrorHandler->handleError(8, 'unserialize(): ...', 'E:\duotai\advan...', 86, Array)
#1 E:\duotai\advanced\vendor\yiisoft\yii2-debug\LogTarget.php(86): unserialize('<<<<<<< HEAD?a:...')
#2 E:\duotai\advanced\vendor\yiisoft\yii2-debug\LogTarget.php(61): yii\debug\LogTarget->updateIndexFile('E:\duotai\advan...', Array)
#3 E:\duotai\advanced\vendor\yiisoft\yii2-debug\LogTarget.php(112): yii\debug\LogTarget->export(Array)
#4 E:\duotai\advanced\vendor\yiisoft\yii2\log\Dispatcher.php(183): yii\debug\LogTarget->collect(Array, true)
#5 E:\duotai\advanced\vendor\yiisoft\yii2\log\Logger.php(166): yii\log\Dispatcher->dispatch(Array, true)
#6 [internal function]: yii\log\Logger->flush(true)
#7 {main}
2015-01-29 07:40:06 [127.0.0.1][-][-][info][application] $_GET = [
    'r' => 'menu/index'
]

$_COOKIE = [
    'PHPSESSID' => 'afscmc9ld28t7glqon3h143024'
    '_csrf' => '6659c95e4918b4a949bc884ee5c243869dbe79e043f99cc9383d2b8862831ba8s:32:\"0tX737AZ5wlbkUMqIeYGTL6QZFAo3R2l\";'
]

$_SERVER = [
    'MIBDIRS' => 'E:/xampp/php/extras/mibs'
    'MYSQL_HOME' => '\\xampp\\mysql\\bin'
    'OPENSSL_CONF' => 'E:/xampp/apache/bin/openssl.cnf'
    'PHP_PEAR_SYSCONF_DIR' => '\\xampp\\php'
    'PHPRC' => '\\xampp\\php'
    'TMP' => '\\xampp\\tmp'
    'HTTP_HOST' => 'www.duotai.com'
    'HTTP_CONNECTION' => 'keep-alive'
    'HTTP_ACCEPT' => 'text/html,application/xhtml+xml,application/xml;q=0.9,image/webp,*/*;q=0.8'
    'HTTP_USER_AGENT' => 'Mozilla/5.0 (Windows NT 6.1) AppleWebKit/537.36 (KHTML, like Gecko) Chrome/41.0.2236.0 Safari/537.36'
    'HTTP_REFERER' => 'http://www.duotai.com/backend/web/index.php?r=index'
    'HTTP_ACCEPT_ENCODING' => 'gzip, deflate, sdch'
    'HTTP_ACCEPT_LANGUAGE' => 'zh-CN,zh;q=0.8'
    'HTTP_COOKIE' => 'PHPSESSID=afscmc9ld28t7glqon3h143024; _csrf=6659c95e4918b4a949bc884ee5c243869dbe79e043f99cc9383d2b8862831ba8s%3A32%3A%220tX737AZ5wlbkUMqIeYGTL6QZFAo3R2l%22%3B'
    'PATH' => 'C:\\ProgramData\\Oracle\\Java\\javapath;C:\\Program Files\\AMD APP\\bin\\x86;C:\\Program Files\\Common Files\\NetSarang;C:\\Windows\\system32;C:\\Windows;C:\\Windows\\System32\\Wbem;C:\\Windows\\System32\\WindowsPowerShell\\v1.0\\;C:\\Program Files\\ATI Technologies\\ATI.ACE\\Core-Static;E:\\web\\TortoiseSVN\\bin;E:\\web\\TortoiseGit\\bin;E:\\xampp\\php;C:\\ProgramData\\ComposerSetup\\bin;E:\\web\\JDK\\bin;E:\\web\\NodeJs\\;'
>>>>>>> 9812e740d1d9aeca98403a5263515577fa85486b
    'SystemRoot' => 'C:\\Windows'
    'COMSPEC' => 'C:\\Windows\\system32\\cmd.exe'
    'PATHEXT' => '.COM;.EXE;.BAT;.CMD;.VBS;.VBE;.JS;.JSE;.WSF;.WSH;.MSC'
    'WINDIR' => 'C:\\Windows'
<<<<<<< HEAD
    'SERVER_SIGNATURE' => '<address>Apache/2.4.7 (Win32) OpenSSL/1.0.1e PHP/5.5.9 Server at www.aa.com Port 80</address>
'
    'SERVER_SOFTWARE' => 'Apache/2.4.7 (Win32) OpenSSL/1.0.1e PHP/5.5.9'
    'SERVER_NAME' => 'www.aa.com'
    'SERVER_ADDR' => '127.0.0.1'
    'SERVER_PORT' => '80'
    'REMOTE_ADDR' => '127.0.0.1'
    'DOCUMENT_ROOT' => 'D:/aa'
    'REQUEST_SCHEME' => 'http'
    'CONTEXT_PREFIX' => ''
    'CONTEXT_DOCUMENT_ROOT' => 'D:/aa'
    'SERVER_ADMIN' => 'postmaster@localhost'
    'SCRIPT_FILENAME' => 'D:/aa/bealth/advanced/backend/web/index.php'
    'REMOTE_PORT' => '56048'
    'GATEWAY_INTERFACE' => 'CGI/1.1'
    'SERVER_PROTOCOL' => 'HTTP/1.1'
    'REQUEST_METHOD' => 'GET'
    'QUERY_STRING' => 'r=index%E3%80%81login'
    'REQUEST_URI' => '/bealth/advanced/backend/web/index.php?r=index%E3%80%81login'
    'SCRIPT_NAME' => '/bealth/advanced/backend/web/index.php'
    'PHP_SELF' => '/bealth/advanced/backend/web/index.php'
    'REQUEST_TIME_FLOAT' => 1422512878.118
    'REQUEST_TIME' => 1422512878
=======
    'SERVER_SIGNATURE' => '<address>Apache/2.4.7 (Win32) OpenSSL/1.0.1e PHP/5.5.9 Server at www.duotai.com Port 80</address>
'
    'SERVER_SOFTWARE' => 'Apache/2.4.7 (Win32) OpenSSL/1.0.1e PHP/5.5.9'
    'SERVER_NAME' => 'www.duotai.com'
    'SERVER_ADDR' => '127.0.0.1'
    'SERVER_PORT' => '80'
    'REMOTE_ADDR' => '127.0.0.1'
    'DOCUMENT_ROOT' => 'E:/duotai/advanced'
    'REQUEST_SCHEME' => 'http'
    'CONTEXT_PREFIX' => ''
    'CONTEXT_DOCUMENT_ROOT' => 'E:/duotai/advanced'
    'SERVER_ADMIN' => 'postmaster@localhost'
    'SCRIPT_FILENAME' => 'E:/duotai/advanced/backend/web/index.php'
    'REMOTE_PORT' => '51680'
    'GATEWAY_INTERFACE' => 'CGI/1.1'
    'SERVER_PROTOCOL' => 'HTTP/1.1'
    'REQUEST_METHOD' => 'GET'
    'QUERY_STRING' => 'r=menu/index'
    'REQUEST_URI' => '/backend/web/index.php?r=menu/index'
    'SCRIPT_NAME' => '/backend/web/index.php'
    'PHP_SELF' => '/backend/web/index.php'
    'REQUEST_TIME_FLOAT' => 1422513606.989
    'REQUEST_TIME' => 1422513606
>>>>>>> 9812e740d1d9aeca98403a5263515577fa85486b
]
